0 info it worked if it ends with ok
1 verbose cli [ 'C:\\Program Files\\nodejs\\\\node.exe',
1 verbose cli   'C:\\Program Files\\nodejs\\node_modules\\npm\\bin\\npm-cli.js',
1 verbose cli   'install',
1 verbose cli   'date_utils' ]
2 info using npm@1.4.28
3 info using node@v0.10.36
4 verbose node symlink C:\Program Files\nodejs\\node.exe
5 warn package.json http@0.0.0 http is also the name of a node core module.
6 warn package.json http@0.0.0 No description
7 warn package.json http@0.0.0 No repository field.
8 warn package.json http@0.0.0 No README data
9 verbose readDependencies using package.json deps
10 verbose cache add [ 'date_utils', null ]
11 verbose cache add name=undefined spec="date_utils" args=["date_utils",null]
12 verbose parsed url { protocol: null,
12 verbose parsed url   slashes: null,
12 verbose parsed url   auth: null,
12 verbose parsed url   host: null,
12 verbose parsed url   port: null,
12 verbose parsed url   hostname: null,
12 verbose parsed url   hash: null,
12 verbose parsed url   search: null,
12 verbose parsed url   query: null,
12 verbose parsed url   pathname: 'date_utils',
12 verbose parsed url   path: 'date_utils',
12 verbose parsed url   href: 'date_utils' }
13 silly lockFile 4b942066-date-utils date_utils
14 verbose lock date_utils C:\Users\yong\AppData\Roaming\npm-cache\4b942066-date-utils.lock
15 silly lockFile 4b942066-date-utils date_utils
16 silly lockFile 4b942066-date-utils date_utils
17 verbose addNamed [ 'date_utils', '' ]
18 verbose addNamed [ null, '*' ]
19 silly lockFile 06b1186e-date-utils date_utils@
20 verbose lock date_utils@ C:\Users\yong\AppData\Roaming\npm-cache\06b1186e-date-utils.lock
21 silly addNameRange { name: 'date_utils', range: '*', hasData: false }
22 verbose request where is /date_utils
23 verbose request registry https://registry.npmjs.org/
24 verbose request id 71a8f87115d702fa
25 verbose url raw /date_utils
26 verbose url resolving [ 'https://registry.npmjs.org/', './date_utils' ]
27 verbose url resolved https://registry.npmjs.org/date_utils
28 verbose request where is https://registry.npmjs.org/date_utils
29 info trying registry request attempt 1 at 19:40:57
30 http GET https://registry.npmjs.org/date_utils
31 http 404 https://registry.npmjs.org/date_utils
32 verbose headers { date: 'Wed, 11 Feb 2015 10:40:55 GMT',
32 verbose headers   server: 'CouchDB/1.5.0 (Erlang OTP/R16B03)',
32 verbose headers   'content-type': 'application/json',
32 verbose headers   'cache-control': 'max-age=0',
32 verbose headers   'content-length': '52',
32 verbose headers   'accept-ranges': 'bytes',
32 verbose headers   via: '1.1 varnish',
32 verbose headers   age: '0',
32 verbose headers   'x-served-by': 'cache-hk93-HKG',
32 verbose headers   'x-cache': 'MISS',
32 verbose headers   'x-cache-hits': '0',
32 verbose headers   'x-timer': 'S1423651253.180035,VS0,VE1895',
32 verbose headers   'keep-alive': 'timeout=10, max=50',
32 verbose headers   connection: 'Keep-Alive' }
33 silly registry.get cb [ 404,
33 silly registry.get   { date: 'Wed, 11 Feb 2015 10:40:55 GMT',
33 silly registry.get     server: 'CouchDB/1.5.0 (Erlang OTP/R16B03)',
33 silly registry.get     'content-type': 'application/json',
33 silly registry.get     'cache-control': 'max-age=0',
33 silly registry.get     'content-length': '52',
33 silly registry.get     'accept-ranges': 'bytes',
33 silly registry.get     via: '1.1 varnish',
33 silly registry.get     age: '0',
33 silly registry.get     'x-served-by': 'cache-hk93-HKG',
33 silly registry.get     'x-cache': 'MISS',
33 silly registry.get     'x-cache-hits': '0',
33 silly registry.get     'x-timer': 'S1423651253.180035,VS0,VE1895',
33 silly registry.get     'keep-alive': 'timeout=10, max=50',
33 silly registry.get     connection: 'Keep-Alive' } ]
34 silly lockFile 06b1186e-date-utils date_utils@
35 silly lockFile 06b1186e-date-utils date_utils@
36 error 404 404 Not Found: date_utils
36 error 404
36 error 404 'date_utils' is not in the npm registry.
36 error 404 You should bug the author to publish it
36 error 404 It was specified as a dependency of 'OillingProject'
36 error 404
36 error 404 Note that you can also install from a
36 error 404 tarball, folder, or http url, or git url.
37 error System Windows_NT 6.1.7601
38 error command "C:\\Program Files\\nodejs\\\\node.exe" "C:\\Program Files\\nodejs\\node_modules\\npm\\bin\\npm-cli.js" "install" "date_utils"
39 error cwd C:\Users\yong\IdeaProjects\OillingProject
40 error node -v v0.10.36
41 error npm -v 1.4.28
42 error code E404
43 verbose exit [ 1, true ]
